Determining if the function crc32c_value exists in the crc32c failed with the following output:
Change Dir: /tmp/tmp.glRhpheuYl/cmake-build-debug/CMakeFiles/CMakeTmp

Run Build Command(s):/usr/bin/gmake -f Makefile cmTC_e5540/fast && /usr/bin/gmake  -f CMakeFiles/cmTC_e5540.dir/build.make CMakeFiles/cmTC_e5540.dir/build
gmake[1]: 进入目录“/tmp/tmp.glRhpheuYl/cmake-build-debug/CMakeFiles/CMakeTmp”
Building C object CMakeFiles/cmTC_e5540.dir/CheckFunctionExists.c.o
/usr/bin/cc   -DCHECK_FUNCTION_EXISTS=crc32c_value -std=c11 -o CMakeFiles/cmTC_e5540.dir/CheckFunctionExists.c.o -c /usr/share/cmake/Modules/CheckFunctionExists.c
Linking C executable cmTC_e5540
/usr/bin/cmake -E cmake_link_script CMakeFiles/cmTC_e5540.dir/link.txt --verbose=1
/usr/bin/cc  -DCHECK_FUNCTION_EXISTS=crc32c_value CMakeFiles/cmTC_e5540.dir/CheckFunctionExists.c.o -o cmTC_e5540  -lcrc32c 
/usr/bin/ld: 找不到 -lcrc32c
collect2: 错误：ld 返回 1
gmake[1]: *** [CMakeFiles/cmTC_e5540.dir/build.make:99：cmTC_e5540] 错误 1
gmake[1]: 离开目录“/tmp/tmp.glRhpheuYl/cmake-build-debug/CMakeFiles/CMakeTmp”
gmake: *** [Makefile:127：cmTC_e5540/fast] 错误 2



Determining if the function snappy_compress exists in the snappy failed with the following output:
Change Dir: /tmp/tmp.glRhpheuYl/cmake-build-debug/CMakeFiles/CMakeTmp

Run Build Command(s):/usr/bin/gmake -f Makefile cmTC_077df/fast && /usr/bin/gmake  -f CMakeFiles/cmTC_077df.dir/build.make CMakeFiles/cmTC_077df.dir/build
gmake[1]: 进入目录“/tmp/tmp.glRhpheuYl/cmake-build-debug/CMakeFiles/CMakeTmp”
Building C object CMakeFiles/cmTC_077df.dir/CheckFunctionExists.c.o
/usr/bin/cc   -DCHECK_FUNCTION_EXISTS=snappy_compress -std=c11 -o CMakeFiles/cmTC_077df.dir/CheckFunctionExists.c.o -c /usr/share/cmake/Modules/CheckFunctionExists.c
Linking C executable cmTC_077df
/usr/bin/cmake -E cmake_link_script CMakeFiles/cmTC_077df.dir/link.txt --verbose=1
/usr/bin/cc  -DCHECK_FUNCTION_EXISTS=snappy_compress CMakeFiles/cmTC_077df.dir/CheckFunctionExists.c.o -o cmTC_077df  -lsnappy 
/usr/bin/ld: 找不到 -lsnappy
collect2: 错误：ld 返回 1
gmake[1]: *** [CMakeFiles/cmTC_077df.dir/build.make:99：cmTC_077df] 错误 1
gmake[1]: 离开目录“/tmp/tmp.glRhpheuYl/cmake-build-debug/CMakeFiles/CMakeTmp”
gmake: *** [Makefile:127：cmTC_077df/fast] 错误 2



Determining if the function malloc exists in the tcmalloc failed with the following output:
Change Dir: /tmp/tmp.glRhpheuYl/cmake-build-debug/CMakeFiles/CMakeTmp

Run Build Command(s):/usr/bin/gmake -f Makefile cmTC_54bd6/fast && /usr/bin/gmake  -f CMakeFiles/cmTC_54bd6.dir/build.make CMakeFiles/cmTC_54bd6.dir/build
gmake[1]: 进入目录“/tmp/tmp.glRhpheuYl/cmake-build-debug/CMakeFiles/CMakeTmp”
Building C object CMakeFiles/cmTC_54bd6.dir/CheckFunctionExists.c.o
/usr/bin/cc   -DCHECK_FUNCTION_EXISTS=malloc -std=c11 -o CMakeFiles/cmTC_54bd6.dir/CheckFunctionExists.c.o -c /usr/share/cmake/Modules/CheckFunctionExists.c
<命令行>: 警告：conflicting types for built-in function ‘malloc’; expected ‘void *(long unsigned int)’ [-Wbuiltin-declaration-mismatch]
/usr/share/cmake/Modules/CheckFunctionExists.c:7:3: 附注：in expansion of macro ‘CHECK_FUNCTION_EXISTS’
    7 |   CHECK_FUNCTION_EXISTS(void);
      |   ^~~~~~~~~~~~~~~~~~~~~
/usr/share/cmake/Modules/CheckFunctionExists.c:1:1: 附注：‘malloc’ is declared in header ‘<stdlib.h>’
  +++ |+#include <stdlib.h>
    1 | #ifdef CHECK_FUNCTION_EXISTS
Linking C executable cmTC_54bd6
/usr/bin/cmake -E cmake_link_script CMakeFiles/cmTC_54bd6.dir/link.txt --verbose=1
/usr/bin/cc  -DCHECK_FUNCTION_EXISTS=malloc CMakeFiles/cmTC_54bd6.dir/CheckFunctionExists.c.o -o cmTC_54bd6  -ltcmalloc 
/usr/bin/ld: 找不到 -ltcmalloc
collect2: 错误：ld 返回 1
gmake[1]: *** [CMakeFiles/cmTC_54bd6.dir/build.make:99：cmTC_54bd6] 错误 1
gmake[1]: 离开目录“/tmp/tmp.glRhpheuYl/cmake-build-debug/CMakeFiles/CMakeTmp”
gmake: *** [Makefile:127：cmTC_54bd6/fast] 错误 2



Determining if the F_FULLFSYNC exist failed with the following output:
Change Dir: /tmp/tmp.glRhpheuYl/cmake-build-debug/CMakeFiles/CMakeTmp

Run Build Command(s):/usr/bin/gmake -f Makefile cmTC_3376c/fast && /usr/bin/gmake  -f CMakeFiles/cmTC_3376c.dir/build.make CMakeFiles/cmTC_3376c.dir/build
gmake[1]: 进入目录“/tmp/tmp.glRhpheuYl/cmake-build-debug/CMakeFiles/CMakeTmp”
Building CXX object CMakeFiles/cmTC_3376c.dir/CheckSymbolExists.cxx.o
/usr/bin/c++   -std=c++11 -o CMakeFiles/cmTC_3376c.dir/CheckSymbolExists.cxx.o -c /tmp/tmp.glRhpheuYl/cmake-build-debug/CMakeFiles/CMakeTmp/CheckSymbolExists.cxx
/tmp/tmp.glRhpheuYl/cmake-build-debug/CMakeFiles/CMakeTmp/CheckSymbolExists.cxx: 在函数‘int main(int, char**)’中:
/tmp/tmp.glRhpheuYl/cmake-build-debug/CMakeFiles/CMakeTmp/CheckSymbolExists.cxx:8:19: 错误：‘F_FULLFSYNC’在此作用域中尚未声明
    8 |   return ((int*)(&F_FULLFSYNC))[argc];
      |                   ^~~~~~~~~~~
gmake[1]: *** [CMakeFiles/cmTC_3376c.dir/build.make:78：CMakeFiles/cmTC_3376c.dir/CheckSymbolExists.cxx.o] 错误 1
gmake[1]: 离开目录“/tmp/tmp.glRhpheuYl/cmake-build-debug/CMakeFiles/CMakeTmp”
gmake: *** [Makefile:127：cmTC_3376c/fast] 错误 2


File /tmp/tmp.glRhpheuYl/cmake-build-debug/CMakeFiles/CMakeTmp/CheckSymbolExists.cxx:
/* */
#include <fcntl.h>

int main(int argc, char** argv)
{
  (void)argv;
#ifndef F_FULLFSYNC
  return ((int*)(&F_FULLFSYNC))[argc];
#else
  (void)argc;
  return 0;
#endif
}
Performing C++ SOURCE FILE Test HAVE_CLANG_THREAD_SAFETY failed with the following output:
Change Dir: /tmp/tmp.glRhpheuYl/cmake-build-debug/CMakeFiles/CMakeTmp

Run Build Command(s):/usr/bin/gmake -f Makefile cmTC_16d6e/fast && /usr/bin/gmake  -f CMakeFiles/cmTC_16d6e.dir/build.make CMakeFiles/cmTC_16d6e.dir/build
gmake[1]: Entering directory '/tmp/tmp.glRhpheuYl/cmake-build-debug/CMakeFiles/CMakeTmp'
Building CXX object CMakeFiles/cmTC_16d6e.dir/src.cxx.o
/usr/bin/c++ -DHAVE_CLANG_THREAD_SAFETY  -fno-exceptions -fno-rtti    -Wthread-safety -std=c++11 -o CMakeFiles/cmTC_16d6e.dir/src.cxx.o -c /tmp/tmp.glRhpheuYl/cmake-build-debug/CMakeFiles/CMakeTmp/src.cxx
c++: error: unrecognized command-line option '-Wthread-safety'
gmake[1]: *** [CMakeFiles/cmTC_16d6e.dir/build.make:78: CMakeFiles/cmTC_16d6e.dir/src.cxx.o] Error 1
gmake[1]: Leaving directory '/tmp/tmp.glRhpheuYl/cmake-build-debug/CMakeFiles/CMakeTmp'
gmake: *** [Makefile:127: cmTC_16d6e/fast] Error 2


Source file was:
int main() { return 0; }
Determining if the function sqlite3_open exists in the sqlite3 failed with the following output:
Change Dir: /tmp/tmp.glRhpheuYl/cmake-build-debug/CMakeFiles/CMakeTmp

Run Build Command(s):/usr/bin/gmake -f Makefile cmTC_63b14/fast && /usr/bin/gmake  -f CMakeFiles/cmTC_63b14.dir/build.make CMakeFiles/cmTC_63b14.dir/build
gmake[1]: 进入目录“/tmp/tmp.glRhpheuYl/cmake-build-debug/CMakeFiles/CMakeTmp”
Building C object CMakeFiles/cmTC_63b14.dir/CheckFunctionExists.c.o
/usr/bin/cc   -Wstrict-prototypes -DCHECK_FUNCTION_EXISTS=sqlite3_open -std=c11 -o CMakeFiles/cmTC_63b14.dir/CheckFunctionExists.c.o -c /usr/share/cmake/Modules/CheckFunctionExists.c
Linking C executable cmTC_63b14
/usr/bin/cmake -E cmake_link_script CMakeFiles/cmTC_63b14.dir/link.txt --verbose=1
/usr/bin/cc  -Wstrict-prototypes -DCHECK_FUNCTION_EXISTS=sqlite3_open CMakeFiles/cmTC_63b14.dir/CheckFunctionExists.c.o -o cmTC_63b14  -lsqlite3 
/usr/bin/ld: 找不到 -lsqlite3
collect2: 错误：ld 返回 1
gmake[1]: *** [CMakeFiles/cmTC_63b14.dir/build.make:99：cmTC_63b14] 错误 1
gmake[1]: 离开目录“/tmp/tmp.glRhpheuYl/cmake-build-debug/CMakeFiles/CMakeTmp”
gmake: *** [Makefile:127：cmTC_63b14/fast] 错误 2



Performing C++ SOURCE FILE Test HAVE_KYOTOCABINET failed with the following output:
Change Dir: /tmp/tmp.glRhpheuYl/cmake-build-debug/CMakeFiles/CMakeTmp

Run Build Command(s):/usr/bin/gmake -f Makefile cmTC_a24e0/fast && /usr/bin/gmake  -f CMakeFiles/cmTC_a24e0.dir/build.make CMakeFiles/cmTC_a24e0.dir/build
gmake[1]: 进入目录“/tmp/tmp.glRhpheuYl/cmake-build-debug/CMakeFiles/CMakeTmp”
Building CXX object CMakeFiles/cmTC_a24e0.dir/src.cxx.o
/usr/bin/c++ -DHAVE_KYOTOCABINET  -fno-exceptions -fno-rtti  -std=c++11 -o CMakeFiles/cmTC_a24e0.dir/src.cxx.o -c /tmp/tmp.glRhpheuYl/cmake-build-debug/CMakeFiles/CMakeTmp/src.cxx
/tmp/tmp.glRhpheuYl/cmake-build-debug/CMakeFiles/CMakeTmp/src.cxx:2:10: 致命错误：kcpolydb.h：没有那个文件或目录
    2 | #include <kcpolydb.h>
      |          ^~~~~~~~~~~~
编译中断。
gmake[1]: *** [CMakeFiles/cmTC_a24e0.dir/build.make:78：CMakeFiles/cmTC_a24e0.dir/src.cxx.o] 错误 1
gmake[1]: 离开目录“/tmp/tmp.glRhpheuYl/cmake-build-debug/CMakeFiles/CMakeTmp”
gmake: *** [Makefile:127：cmTC_a24e0/fast] 错误 2


Source file was:

#include <kcpolydb.h>

int main() {
  kyotocabinet::TreeDB* db = new kyotocabinet::TreeDB();
  delete db;
  return 0;
}
  
Performing C++ SOURCE FILE Test HAVE_CXX_FLAG_WSHORTEN_64_TO_32 failed with the following output:
Change Dir: /tmp/tmp.glRhpheuYl/cmake-build-debug/CMakeFiles/CMakeTmp

Run Build Command(s):/usr/bin/gmake -f Makefile cmTC_8c736/fast && /usr/bin/gmake  -f CMakeFiles/cmTC_8c736.dir/build.make CMakeFiles/cmTC_8c736.dir/build
gmake[1]: Entering directory '/tmp/tmp.glRhpheuYl/cmake-build-debug/CMakeFiles/CMakeTmp'
Building CXX object CMakeFiles/cmTC_8c736.dir/src.cxx.o
/usr/bin/c++ -DHAVE_CXX_FLAG_WSHORTEN_64_TO_32  -fno-exceptions -fno-rtti  -Wall  -Wextra  -Wshadow  -Wfloat-equal  -Wsuggest-override  -pedantic  -pedantic-errors  -Wshorten-64-to-32   -Wshorten-64-to-32 -std=c++11 -o CMakeFiles/cmTC_8c736.dir/src.cxx.o -c /tmp/tmp.glRhpheuYl/cmake-build-debug/CMakeFiles/CMakeTmp/src.cxx
c++: error: unrecognized command-line option '-Wshorten-64-to-32'
c++: error: unrecognized command-line option '-Wshorten-64-to-32'
gmake[1]: *** [CMakeFiles/cmTC_8c736.dir/build.make:78: CMakeFiles/cmTC_8c736.dir/src.cxx.o] Error 1
gmake[1]: Leaving directory '/tmp/tmp.glRhpheuYl/cmake-build-debug/CMakeFiles/CMakeTmp'
gmake: *** [Makefile:127: cmTC_8c736/fast] Error 2


Source file was:
int main() { return 0; }
Performing C++ SOURCE FILE Test HAVE_CXX_FLAG_WD654 failed with the following output:
Change Dir: /tmp/tmp.glRhpheuYl/cmake-build-debug/CMakeFiles/CMakeTmp

Run Build Command(s):/usr/bin/gmake -f Makefile cmTC_a8a6a/fast && /usr/bin/gmake  -f CMakeFiles/cmTC_a8a6a.dir/build.make CMakeFiles/cmTC_a8a6a.dir/build
gmake[1]: Entering directory '/tmp/tmp.glRhpheuYl/cmake-build-debug/CMakeFiles/CMakeTmp'
Building CXX object CMakeFiles/cmTC_a8a6a.dir/src.cxx.o
/usr/bin/c++ -DHAVE_CXX_FLAG_WD654  -fno-exceptions -fno-rtti  -Wall  -Wextra  -Wshadow  -Wfloat-equal  -Wsuggest-override  -pedantic  -pedantic-errors  -fstrict-aliasing  -Wno-deprecated-declarations  -fno-exceptions  -Wstrict-aliasing  -wd654   -wd654 -std=c++11 -o CMakeFiles/cmTC_a8a6a.dir/src.cxx.o -c /tmp/tmp.glRhpheuYl/cmake-build-debug/CMakeFiles/CMakeTmp/src.cxx
c++: error: unrecognized command-line option '-wd654'
c++: error: unrecognized command-line option '-wd654'
gmake[1]: *** [CMakeFiles/cmTC_a8a6a.dir/build.make:78: CMakeFiles/cmTC_a8a6a.dir/src.cxx.o] Error 1
gmake[1]: Leaving directory '/tmp/tmp.glRhpheuYl/cmake-build-debug/CMakeFiles/CMakeTmp'
gmake: *** [Makefile:127: cmTC_a8a6a/fast] Error 2


Source file was:
int main() { return 0; }
Performing C++ SOURCE FILE Test HAVE_CXX_FLAG_WTHREAD_SAFETY failed with the following output:
Change Dir: /tmp/tmp.glRhpheuYl/cmake-build-debug/CMakeFiles/CMakeTmp

Run Build Command(s):/usr/bin/gmake -f Makefile cmTC_b5a9b/fast && /usr/bin/gmake  -f CMakeFiles/cmTC_b5a9b.dir/build.make CMakeFiles/cmTC_b5a9b.dir/build
gmake[1]: Entering directory '/tmp/tmp.glRhpheuYl/cmake-build-debug/CMakeFiles/CMakeTmp'
Building CXX object CMakeFiles/cmTC_b5a9b.dir/src.cxx.o
/usr/bin/c++ -DHAVE_CXX_FLAG_WTHREAD_SAFETY  -fno-exceptions -fno-rtti  -Wall  -Wextra  -Wshadow  -Wfloat-equal  -Wsuggest-override  -pedantic  -pedantic-errors  -fstrict-aliasing  -Wno-deprecated-declarations  -fno-exceptions  -Wstrict-aliasing  -Wthread-safety   -Wthread-safety -std=c++11 -o CMakeFiles/cmTC_b5a9b.dir/src.cxx.o -c /tmp/tmp.glRhpheuYl/cmake-build-debug/CMakeFiles/CMakeTmp/src.cxx
c++: error: unrecognized command-line option '-Wthread-safety'
c++: error: unrecognized command-line option '-Wthread-safety'
gmake[1]: *** [CMakeFiles/cmTC_b5a9b.dir/build.make:78: CMakeFiles/cmTC_b5a9b.dir/src.cxx.o] Error 1
gmake[1]: Leaving directory '/tmp/tmp.glRhpheuYl/cmake-build-debug/CMakeFiles/CMakeTmp'
gmake: *** [Makefile:127: cmTC_b5a9b/fast] Error 2


Source file was:
int main() { return 0; }
